<?xml version="1.0" encoding="UTF-8"?>
<!-- Generated by org.testng.reporters.JUnitReportReporter -->
<testsuite hostname="Keshav-PC" failures="0" tests="1" name="com.log4j.test.LoginTest" time="16.348" errors="0" timestamp="2019-12-24T22:25:07 NZDT" skipped="0">
  <testcase classname="com.log4j.test.LoginTest" name="loginPageTitleTest" time="16.348"/>
</testsuite> <!-- com.log4j.test.LoginTest -->
